[2025-08-17 03:08:41,505: INFO: common: yaml file: config/config.yaml loaded successfully]
[2025-08-17 03:08:41,508: INFO: common: yaml file: params.yaml loaded successfully]
[2025-08-17 03:08:41,508: INFO: common: created directory at: artifacts]
[2025-08-17 03:08:41,509: INFO: common: created directory at: artifacts/data_ingestion]
[2025-08-17 03:08:50,613: INFO: 227420655: File is downloaded]
[2025-08-17 03:16:26,359: INFO: common: yaml file: config/config.yaml loaded successfully]
[2025-08-17 03:16:26,362: INFO: common: yaml file: params.yaml loaded successfully]
[2025-08-17 03:16:26,363: INFO: common: created directory at: artifacts]
[2025-08-17 03:16:26,364: INFO: common: created directory at: artifacts/data_transformation]
[2025-08-17 03:25:54,811: INFO: common: yaml file: config/config.yaml loaded successfully]
[2025-08-17 03:25:54,818: INFO: common: yaml file: params.yaml loaded successfully]
[2025-08-17 03:25:54,819: INFO: common: created directory at: artifacts]
[2025-08-17 03:25:54,821: INFO: common: created directory at: artifacts/model_trainer]
[2025-08-17 04:32:14,830: INFO: common: yaml file: config/config.yaml loaded successfully]
[2025-08-17 04:32:14,834: INFO: common: yaml file: params.yaml loaded successfully]
[2025-08-17 04:32:14,836: INFO: common: created directory at: artifacts]
[2025-08-17 04:32:14,838: INFO: common: created directory at: artifacts/model_evaluation]
[2025-08-17 04:38:03,530: INFO: rouge_scorer: Using default tokenizer.]
[2025-08-17 04:44:11,238: INFO: server: Started server process [33385]]
[2025-08-17 04:44:11,239: INFO: on: Waiting for application startup.]
[2025-08-17 04:44:11,240: INFO: on: Application startup complete.]
[2025-08-17 04:44:11,240: INFO: server: Uvicorn running on http://0.0.0.0:8080 (Press CTRL+C to quit)]
[2025-08-17 04:45:38,303: INFO: common: yaml file: config/config.yaml loaded successfully]
[2025-08-17 04:45:38,307: INFO: common: yaml file: params.yaml loaded successfully]
[2025-08-17 04:45:38,308: INFO: common: created directory at: artifacts]
[2025-08-17 04:45:38,308: INFO: common: created directory at: artifacts/model_evaluation]
[2025-08-17 04:46:46,243: INFO: server: Shutting down]
[2025-08-17 04:46:46,347: INFO: on: Waiting for application shutdown.]
[2025-08-17 04:46:46,347: INFO: on: Application shutdown complete.]
[2025-08-17 04:46:46,347: INFO: server: Finished server process [33385]]
